C51 COMPILER V9.01   MAIN                                                                  08/03/2019 01:56:23 PAGE 1   


C51 COMPILER V9.01, COMPILATION OF MODULE MAIN
OBJECT MODULE PLACED IN main.OBJ
COMPILER INVOKED BY: D:\Program Files (x86)\Keil\C51\BIN\C51.EXE main.c BROWSE DEBUG OBJECTEXTEND

line level    source

   1          #include <reg52.h>
   2          #include <intrins.h>
   3          
   4          #define uint unsigned int
   5          #define uchar unsigned char
   6          
   7          void delay(int xms)
   8          {
   9   1          uint i, j;
  10   1          for (i=0; i<xms; i++)
  11   1          {
  12   2                      for (j=0; j<110; j++)
  13   2                      {
  14   3                      }
  15   2          }   
  16   1      
  17   1      }
  18          void main()
  19          {
  20   1              uint sig = 0x01;
  21   1              while(1)
  22   1              {
  23   2                  P2 = sig;
  24   2                      delay(100);
  25   2                      sig = _crol_(sig,1);
  26   2              }
  27   1      }


MODULE INFORMATION:   STATIC OVERLAYABLE
   CODE SIZE        =     63    ----
   CONSTANT SIZE    =   ----    ----
   XDATA SIZE       =   ----    ----
   PDATA SIZE       =   ----    ----
   DATA SIZE        =   ----    ----
   IDATA SIZE       =   ----    ----
   BIT SIZE         =   ----    ----
END OF MODULE INFORMATION.


C51 COMPILATION COMPLETE.  0 WARNING(S),  0 ERROR(S)
